This is XeTeX, Version 3.141592653-2.6-0.999996 (TeX Live 2024) (preloaded format=xelatex 2024.5.1)  16 SEP 2024 19:27
entering extended mode
 restricted \write18 enabled.
 %&-line parsing enabled.
**/Users/ljx/.config/nvim/lua/mappings.lua
(/Users/ljx/.config/nvim/lua/mappings.lua
LaTeX2e <2023-11-01> patch level 1
L3 programming layer <2024-02-20>

! LaTeX Error: Missing \begin{document}.

See the LaTeX manual or LaTeX Companion for explanation.
Type  H <return>  for immediate help.
 ...                                              
                                                  
l.1 r
     equire "nvchad.mappings"
? 
! Emergency stop.
 ...                                              
                                                  
l.1 r
     equire "nvchad.mappings"
You're in trouble here.  Try typing  <return>  to proceed.
If that doesn't work, type  X <return>  to quit.

 
Here is how much of TeX's memory you used:
 18 strings out of 474773
 520 string characters out of 5757725
 1917839 words of memory out of 5000000
 22269 multiletter control sequences out of 15000+600000
 558069 words of font info for 36 fonts, out of 8000000 for 9000
 1348 hyphenation exceptions out of 8191
 15i,0n,18p,101b,14s stack positions out of 10000i,1000n,20000p,200000b,200000s
No pages of output.
