\BOOKMARK [1][-]{section.1}{\376\377\0001\000.\000\040\225\356\230\230\200\314\146\157\124\214\225\356\230\230\221\315\217\360}{}% 1
\BOOKMARK [2][-]{subsection.1.1}{\376\377\0001\000.\0001\000\040\225\356\230\230\200\314\146\157}{section.1}% 2
\BOOKMARK [2][-]{subsection.1.2}{\376\377\0001\000.\0002\000\040\225\356\230\230\221\315\217\360}{section.1}% 3
\BOOKMARK [1][-]{section.2}{\376\377\0002\000.\000\040\152\041\127\213\120\107\213\276\116\016\173\046\123\367\213\364\146\016}{}% 4
\BOOKMARK [2][-]{subsection.2.1}{\376\377\0002\000.\0001\000\040\152\041\127\213\120\107\213\276}{section.2}% 5
\BOOKMARK [3][-]{subsubsection.2.1.1}{\376\377\0002\000.\0001\000.\0001\000\040\225\356\230\230\116\000}{subsection.2.1}% 6
\BOOKMARK [3][-]{subsubsection.2.1.2}{\376\377\0002\000.\0001\000.\0002\000\040\225\356\230\230\116\214}{subsection.2.1}% 7
\BOOKMARK [2][-]{subsection.2.2}{\376\377\0002\000.\0002\000\040\173\046\123\367\213\364\146\016}{section.2}% 8
\BOOKMARK [1][-]{section.3}{\376\377\0003\000.\000\040\152\041\127\213\136\372\172\313\116\016\154\102\211\343}{}% 9
\BOOKMARK [2][-]{subsection.3.1}{\376\377\0003\000.\0001\000\040\225\356\230\230\116\000}{section.3}% 10
\BOOKMARK [2][-]{subsection.3.2}{\376\377\0003\000.\0002\000\040\225\356\230\230\116\214}{section.3}% 11
\BOOKMARK [1][-]{section.4}{\376\377\0004\000.\000\040\213\241\173\227\145\271\154\325\166\204\213\276\213\241}{}% 12
\BOOKMARK [2][-]{subsection.4.1}{\376\377\0004\000.\0001\000\040\225\356\230\230\116\000}{section.4}% 13
\BOOKMARK [3][-]{subsubsection.4.1.1}{\376\377\0004\000.\0001\000.\0001\000\040\000G\000r\000a\000h\000a\000m\142\153\143\317\154\325\122\035\131\313\123\026\121\370\123\005}{subsection.4.1}% 14
\BOOKMARK [3][-]{subsubsection.4.1.2}{\376\377\0004\000.\0001\000.\0002\000\040\122\035\131\313\123\026\177\121\150\074\124\214\122\022\122\006\123\072\127\337}{subsection.4.1}% 15
\BOOKMARK [3][-]{subsubsection.4.1.3}{\376\377\0004\000.\0001\000.\0003\000\040\145\340\116\272\147\072\176\325\217\271\165\114\145\313\217\154\144\034\175\042}{subsection.4.1}% 16
\BOOKMARK [3][-]{subsubsection.4.1.4}{\376\377\0004\000.\0001\000.\0004\000\040\225\356\230\230\116\000\154\102\211\343\176\323\147\234}{subsection.4.1}% 17
\BOOKMARK [3][-]{subsubsection.4.1.5}{\376\377\0004\000.\0001\000.\0005\000\040\225\356\230\230\116\000\176\323\147\234\122\006\147\220}{subsection.4.1}% 18
\BOOKMARK [2][-]{subsection.4.2}{\376\377\0004\000.\0002\000\040\225\356\230\230\116\214}{section.4}% 19
\BOOKMARK [3][-]{subsubsection.4.2.1}{\376\377\0004\000.\0002\000.\0001\000\040\122\035\131\313\123\026\123\302\145\160\116\016\165\037\142\020\144\034\226\306\160\271}{subsection.4.2}% 20
\BOOKMARK [3][-]{subsubsection.4.2.2}{\376\377\0004\000.\0002\000.\0002\000\040\145\340\116\272\147\072\215\357\137\204\211\304\122\022\173\227\154\325}{subsection.4.2}% 21
\BOOKMARK [3][-]{subsubsection.4.2.3}{\376\377\0004\000.\0002\000.\0003\000\040\213\241\173\227\140\073\145\066\166\312}{subsection.4.2}% 22
\BOOKMARK [3][-]{subsubsection.4.2.4}{\376\377\0004\000.\0002\000.\0004\000\040\225\356\230\230\116\214\154\102\211\343\176\323\147\234}{subsection.4.2}% 23
\BOOKMARK [3][-]{subsubsection.4.2.5}{\376\377\0004\000.\0002\000.\0005\000\040\225\356\230\230\116\214\176\323\147\234\122\006\147\220}{subsection.4.2}% 24
\BOOKMARK [1][-]{section.5}{\376\377\0005\000.\000\040\152\041\127\213\213\304\116\367\116\016\134\125\147\033}{}% 25
\BOOKMARK [2][-]{subsection.5.1}{\376\377\0005\000.\0001\000\040\152\041\127\213\213\304\116\367}{section.5}% 26
\BOOKMARK [2][-]{subsection.5.2}{\376\377\0005\000.\0002\000\040\135\345\117\134\134\125\147\033}{section.5}% 27
\BOOKMARK [1][-]{section.6}{\376\377\0006\000.\000\040\123\302\200\003\145\207\163\056}{}% 28
\BOOKMARK [1][-]{section.1}{\376\377\226\104\137\125\000A\000\040\225\356\230\230\116\000\172\013\136\217\116\343\170\001}{}% 29
\BOOKMARK [1][-]{section.1}{\376\377\226\104\137\125\000A\000\040\225\356\230\230\116\214\172\013\136\217\116\343\170\001}{}% 30
